build/app/intermediates/manifest_merge_blame_file/release/manifest-merger-blame-release-report.txt
1<?xml version="1.0" encoding="utf-8"?>
2<manifest xmlns:android="http://schemas.android.com/apk/res/android"
3    package="com.example.mebook"
4    android:versionCode="1"
5    android:versionName="1.0.0" >
6
7    <uses-sdk
8        android:minSdkVersion="21"
8-->src\main\AndroidManifest.xml
9        android:targetSdkVersion="33" />
9-->src\main\AndroidManifest.xml
10
11    <uses-permission android:name="android.permission.INTERNET" />
11-->src\main\AndroidManifest.xml:2:2-64
11-->src\main\AndroidManifest.xml:2:19-61
12    <uses-permission android:name="android.permission.WRITE_EXTERNAL_STORAGE" />
12-->src\main\AndroidManifest.xml:3:2-78
12-->src\main\AndroidManifest.xml:3:19-75
13    <uses-permission android:name="android.permission.READ_EXTERNAL_STORAGE" />
13-->src\main\AndroidManifest.xml:4:2-77
13-->src\main\AndroidManifest.xml:4:19-74
14    <uses-permission android:name="android.permission.MANAGE_EXTERNAL_STORAGE" />
14-->src\main\AndroidManifest.xml:5:2-79
14-->src\main\AndroidManifest.xml:5:19-76
15    <uses-permission android:name="android.permission.RECEIVE_BOOT_COMPLETED" />
15-->[:flutter_local_notifications] AndroidManifest.xml:9:5-81
15-->[:flutter_local_notifications] AndroidManifest.xml:9:22-78
16    <uses-permission android:name="android.permission.VIBRATE" />
16-->[:flutter_local_notifications] AndroidManifest.xml:10:5-66
16-->[:flutter_local_notifications] AndroidManifest.xml:10:22-63
17    <uses-permission android:name="android.permission.USE_FULL_SCREEN_INTENT" />
17-->[:flutter_local_notifications] AndroidManifest.xml:11:5-81
17-->[:flutter_local_notifications] AndroidManifest.xml:11:22-78
18    <uses-permission android:name="android.permission.SCHEDULE_EXACT_ALARM" />
18-->[:flutter_local_notifications] AndroidManifest.xml:12:5-79
18-->[:flutter_local_notifications] AndroidManifest.xml:12:22-76
19    <uses-permission android:name="android.permission.POST_NOTIFICATIONS" /> <!-- 允许程序访问有关GSM网络信息 -->
19-->[:flutter_local_notifications] AndroidManifest.xml:13:5-77
19-->[:flutter_local_notifications] AndroidManifest.xml:13:22-74
20    <uses-permission android:name="android.permission.ACCESS_NETWORK_STATE" /> <!-- 允许程序写入设置 -->
20-->[:flutter_file_view] AndroidManifest.xml:13:5-79
20-->[:flutter_file_view] AndroidManifest.xml:13:22-76
21    <uses-permission android:name="android.permission.WRITE_SETTINGS" />
21-->[:flutter_file_view] AndroidManifest.xml:15:5-17:47
21-->[:flutter_file_view] AndroidManifest.xml:16:9-57
22
23    <application
24        android:name="android.app.Application"
24-->src\main\AndroidManifest.xml:6:38-71
25        android:appComponentFactory="androidx.core.app.CoreComponentFactory"
25-->[androidx.core:core:1.7.0] AndroidManifest.xml:24:18-86
26        android:hardwareAccelerated="true"
26-->[:flutter_file_view] AndroidManifest.xml:19:18-52
27        android:icon="@mipmap/ic_launcher"
27-->src\main\AndroidManifest.xml:6:72-106
28        android:label="mebook"
28-->src\main\AndroidManifest.xml:6:15-37
29        android:requestLegacyExternalStorage="true" >
29-->src\main\AndroidManifest.xml:6:107-150
30        <activity
30-->src\main\AndroidManifest.xml:7:3-19:14
31            android:name="com.example.mebook.MainActivity"
31-->src\main\AndroidManifest.xml:7:13-41
32            android:configChanges="orientation|keyboardHidden|keyboard|screenSize|smallestScreenSize|locale|layoutDirection|fontScale|screenLayout|density|uiMode"
32-->src\main\AndroidManifest.xml:7:132-282
33            android:exported="true"
33-->src\main\AndroidManifest.xml:7:42-65
34            android:hardwareAccelerated="true"
34-->src\main\AndroidManifest.xml:7:283-317
35            android:launchMode="singleTop"
35-->src\main\AndroidManifest.xml:7:66-96
36            android:theme="@style/LaunchTheme"
36-->src\main\AndroidManifest.xml:7:97-131
37            android:windowSoftInputMode="adjustResize" >
37-->src\main\AndroidManifest.xml:7:318-360
38
39            <!--
40			Specifies an Android theme to apply to this Activity as soon as
41			the Android process has started. This theme is visible to the user
42			while the Flutter UI initializes. After that, this theme continues
43			to determine the Window background behind the Flutter UI.
44            -->
45            <meta-data
45-->src\main\AndroidManifest.xml:14:4-111
46                android:name="io.flutter.embedding.android.NormalTheme"
46-->src\main\AndroidManifest.xml:14:15-70
47                android:resource="@style/NormalTheme" />
47-->src\main\AndroidManifest.xml:14:71-108
48
49            <intent-filter>
49-->src\main\AndroidManifest.xml:15:4-18:20
50                <action android:name="android.intent.action.MAIN" />
50-->src\main\AndroidManifest.xml:16:5-57
50-->src\main\AndroidManifest.xml:16:13-54
51
52                <category android:name="android.intent.category.LAUNCHER" />
52-->src\main\AndroidManifest.xml:17:5-65
52-->src\main\AndroidManifest.xml:17:15-62
53            </intent-filter>
54        </activity>
55        <!--
56		Don't delete the meta-data below.
57		This is used by the Flutter tool to generate GeneratedPluginRegistrant.java
58        -->
59        <meta-data
59-->src\main\AndroidManifest.xml:24:3-66
60            android:name="flutterEmbedding"
60-->src\main\AndroidManifest.xml:24:14-45
61            android:value="2" />
61-->src\main\AndroidManifest.xml:24:46-63
62
63        <receiver
63-->[:flutter_local_notifications] AndroidManifest.xml:16:9-18:40
64            android:name="com.dexterous.flutterlocalnotifications.ScheduledNotificationReceiver"
64-->[:flutter_local_notifications] AndroidManifest.xml:17:13-97
65            android:exported="false" />
65-->[:flutter_local_notifications] AndroidManifest.xml:18:13-37
66        <receiver
66-->[:flutter_local_notifications] AndroidManifest.xml:19:9-28:20
67            android:name="com.dexterous.flutterlocalnotifications.ScheduledNotificationBootReceiver"
67-->[:flutter_local_notifications] AndroidManifest.xml:20:13-101
68            android:exported="false" >
68-->[:flutter_local_notifications] AndroidManifest.xml:21:13-37
69            <intent-filter>
69-->[:flutter_local_notifications] AndroidManifest.xml:22:13-27:29
70                <action android:name="android.intent.action.BOOT_COMPLETED" />
70-->[:flutter_local_notifications] AndroidManifest.xml:23:17-79
70-->[:flutter_local_notifications] AndroidManifest.xml:23:25-76
71                <action android:name="android.intent.action.MY_PACKAGE_REPLACED" />
71-->[:flutter_local_notifications] AndroidManifest.xml:24:17-84
71-->[:flutter_local_notifications] AndroidManifest.xml:24:25-81
72                <action android:name="android.intent.action.QUICKBOOT_POWERON" />
72-->[:flutter_local_notifications] AndroidManifest.xml:25:17-82
72-->[:flutter_local_notifications] AndroidManifest.xml:25:25-79
73                <action android:name="com.htc.intent.action.QUICKBOOT_POWERON" />
73-->[:flutter_local_notifications] AndroidManifest.xml:26:17-82
73-->[:flutter_local_notifications] AndroidManifest.xml:26:25-79
74            </intent-filter>
75        </receiver> <!-- 1. 在AndroidManifest.xml中增加内核首次加载时优化Service声明。 -->
76        <!-- 2. 该Service仅在TBS内核首次Dex加载时触发并执行dex2oat任务，任务完成后自动结束。 -->
77        <service
77-->[:flutter_file_view] AndroidManifest.xml:23:9-26:41
78            android:name="com.tencent.smtt.export.external.DexClassLoaderProviderService"
78-->[:flutter_file_view] AndroidManifest.xml:24:13-90
79            android:label="dexopt"
79-->[:flutter_file_view] AndroidManifest.xml:25:13-35
80            android:process=":dexopt" /> <!-- https://x5.tencent.com/docs/questions.html 问题3.6解决方案 -->
80-->[:flutter_file_view] AndroidManifest.xml:26:13-38
81        <!-- 在Android P机型遇到org.apache包名找不到的crash -->
82        <uses-library
82-->[:flutter_file_view] AndroidManifest.xml:30:9-32:40
83            android:name="org.apache.http.legacy"
83-->[:flutter_file_view] AndroidManifest.xml:31:13-50
84            android:required="false" />
84-->[:flutter_file_view] AndroidManifest.xml:32:13-37
85        <uses-library
85-->[androidx.window:window:1.0.0-beta04] AndroidManifest.xml:25:9-27:40
86            android:name="androidx.window.extensions"
86-->[androidx.window:window:1.0.0-beta04] AndroidManifest.xml:26:13-54
87            android:required="false" />
87-->[androidx.window:window:1.0.0-beta04] AndroidManifest.xml:27:13-37
88        <uses-library
88-->[androidx.window:window:1.0.0-beta04] AndroidManifest.xml:28:9-30:40
89            android:name="androidx.window.sidecar"
89-->[androidx.window:window:1.0.0-beta04] AndroidManifest.xml:29:13-51
90            android:required="false" />
90-->[androidx.window:window:1.0.0-beta04] AndroidManifest.xml:30:13-37
91    </application>
92
93</manifest>